17:34:11 DEBUG : Logs will be stored at '/home/stud2022/2milewski/JOS/lab4/vivado_gameplay/block_design_1/IDE.log'.
17:34:20 INFO  : Launching XSCT server: xsct -n  -interactive /home/stud2022/2milewski/JOS/lab4/vivado_gameplay/block_design_1/temp_xsdb_launch_script.tcl
17:34:20 INFO  : Registering command handlers for Vitis TCF services
17:34:20 INFO  : Platform repository initialization has completed.
17:34:22 INFO  : XSCT server has started successfully.
17:34:22 INFO  : Successfully done setting XSCT server connection channel  
17:34:22 INFO  : plnx-install-location is set to ''
17:34:22 INFO  : Successfully done query RDI_DATADIR 
17:34:22 INFO  : Successfully done setting workspace for the tool. 
17:38:55 INFO  : Result from executing command 'getProjects': design_1_wrapper
17:38:55 INFO  : Result from executing command 'getPlatforms': xilinx_zcu102_base_202310_1|/local/home/cadmgr/xilinx/Vitis/2023.1/base_platforms/xilinx_zcu102_base_202310_1/xilinx_zcu102_base_202310_1.xpfm;xilinx_zcu102_base_dfx_202310_1|/local/home/cadmgr/xilinx/Vitis/2023.1/base_platforms/xilinx_zcu102_base_dfx_202310_1/xilinx_zcu102_base_dfx_202310_1.xpfm;xilinx_zcu104_base_202310_1|/local/home/cadmgr/xilinx/Vitis/2023.1/base_platforms/xilinx_zcu104_base_202310_1/xilinx_zcu104_base_202310_1.xpfm
17:38:56 WARN  : An unexpected exception occurred in the module 'platform project logging'
17:38:59 INFO  : Platform 'design_1_wrapper' is added to custom repositories.
17:39:10 INFO  : Platform 'design_1_wrapper' is added to custom repositories.
17:40:49 INFO  : Example project xbram_intr_example_1 has been created successfully.
17:41:36 INFO  : Example project xgpio_example_1 has been created successfully.
17:47:02 INFO  : Result from executing command 'getProjects': design_1_wrapper
17:47:02 INFO  : Result from executing command 'getPlatforms': design_1_wrapper|/home/stud2022/2milewski/JOS/lab4/vivado_gameplay/block_design_1/design_1_wrapper/export/design_1_wrapper/design_1_wrapper.xpfm;xilinx_zcu102_base_202310_1|/local/home/cadmgr/xilinx/Vitis/2023.1/base_platforms/xilinx_zcu102_base_202310_1/xilinx_zcu102_base_202310_1.xpfm;xilinx_zcu102_base_dfx_202310_1|/local/home/cadmgr/xilinx/Vitis/2023.1/base_platforms/xilinx_zcu102_base_dfx_202310_1/xilinx_zcu102_base_dfx_202310_1.xpfm;xilinx_zcu104_base_202310_1|/local/home/cadmgr/xilinx/Vitis/2023.1/base_platforms/xilinx_zcu104_base_202310_1/xilinx_zcu104_base_202310_1.xpfm
17:47:06 INFO  : Checking for BSP changes to sync application flags for project 'my_app'...
17:51:25 INFO  : Checking for BSP changes to sync application flags for project 'my_app'...
17:51:50 INFO  : Connected to target on host '127.0.0.1' and port '3121'.
17:51:50 INFO  : Jtag cable 'Digilent Zed 210248AA3E0E' is selected.
17:51:50 INFO  : 'jtag frequency' command is executed.
17:51:50 INFO  : Context for 'APU' is selected.
17:51:50 INFO  : System reset is completed.
17:51:54 INFO  : 'after 3000' command is executed.
17:51:54 INFO  : 'targets -set -filter {jtag_cable_name =~ "Digilent Zed 210248AA3E0E" && level==0 && jtag_device_ctx=="jsn-Zed-210248AA3E0E-23727093-0"}' command is executed.
17:51:56 INFO  : Device configured successfully with "/home/stud2022/2milewski/JOS/lab4/vivado_gameplay/block_design_1/my_app/_ide/bitstream/design_1_wrapper.bit"
17:51:56 INFO  : Context for 'APU' is selected.
17:51:56 INFO  : Hardware design and registers information is loaded from '/home/stud2022/2milewski/JOS/lab4/vivado_gameplay/block_design_1/design_1_wrapper/export/design_1_wrapper/hw/design_1_wrapper.xsa'.
17:51:56 INFO  : 'configparams force-mem-access 1' command is executed.
17:51:56 INFO  : Context for 'APU' is selected.
17:51:56 INFO  : Sourcing of '/home/stud2022/2milewski/JOS/lab4/vivado_gameplay/block_design_1/my_app/_ide/psinit/ps7_init.tcl' is done.
17:51:57 INFO  : 'ps7_init' command is executed.
17:51:57 INFO  : 'ps7_post_config' command is executed.
17:51:57 INFO  : Context for processor 'ps7_cortexa9_0' is selected.
17:51:57 INFO  : The application '/home/stud2022/2milewski/JOS/lab4/vivado_gameplay/block_design_1/my_app/Debug/my_app.elf' is downloaded to processor 'ps7_cortexa9_0'.
17:51:57 INFO  : 'configparams force-mem-access 0' command is executed.
17:51:57 INFO  : ----------------XSDB Script----------------
connect -url tcp:127.0.0.1:3121
targets -set -nocase -filter {name =~"APU*"}
rst -system
after 3000
targets -set -filter {jtag_cable_name =~ "Digilent Zed 210248AA3E0E" && level==0 && jtag_device_ctx=="jsn-Zed-210248AA3E0E-23727093-0"}
fpga -file /home/stud2022/2milewski/JOS/lab4/vivado_gameplay/block_design_1/my_app/_ide/bitstream/design_1_wrapper.bit
targets -set -nocase -filter {name =~"APU*"}
loadhw -hw /home/stud2022/2milewski/JOS/lab4/vivado_gameplay/block_design_1/design_1_wrapper/export/design_1_wrapper/hw/design_1_wrapper.xsa -mem-ranges [list {0x40000000 0xbfffffff}] -regs
configparams force-mem-access 1
targets -set -nocase -filter {name =~"APU*"}
source /home/stud2022/2milewski/JOS/lab4/vivado_gameplay/block_design_1/my_app/_ide/psinit/ps7_init.tcl
ps7_init
ps7_post_config
targets -set -nocase -filter {name =~ "*A9*#0"}
dow /home/stud2022/2milewski/JOS/lab4/vivado_gameplay/block_design_1/my_app/Debug/my_app.elf
configparams force-mem-access 0
----------------End of Script----------------

17:51:57 INFO  : Context for processor 'ps7_cortexa9_0' is selected.
17:51:57 INFO  : 'con' command is executed.
17:51:57 INFO  : ----------------XSDB Script (After Launch)----------------
targets -set -nocase -filter {name =~ "*A9*#0"}
con
----------------End of Script----------------

17:51:57 INFO  : Launch script is exported to file '/home/stud2022/2milewski/JOS/lab4/vivado_gameplay/block_design_1/my_app_system/_ide/scripts/systemdebugger_my_app_system_standalone.tcl'
17:54:38 INFO  : Connected to target on host '127.0.0.1' and port '3121'.
17:54:39 INFO  : Jtag cable 'Digilent Zed 210248AA3E0E' is selected.
17:54:39 INFO  : 'jtag frequency' command is executed.
17:54:39 INFO  : Context for 'APU' is selected.
17:54:39 INFO  : System reset is completed.
17:54:42 INFO  : 'after 3000' command is executed.
17:54:42 INFO  : 'targets -set -filter {jtag_cable_name =~ "Digilent Zed 210248AA3E0E" && level==0 && jtag_device_ctx=="jsn-Zed-210248AA3E0E-23727093-0"}' command is executed.
17:54:45 INFO  : Device configured successfully with "/home/stud2022/2milewski/JOS/lab4/vivado_gameplay/block_design_1/my_app/_ide/bitstream/design_1_wrapper.bit"
17:54:45 INFO  : Context for 'APU' is selected.
17:54:45 INFO  : Hardware design and registers information is loaded from '/home/stud2022/2milewski/JOS/lab4/vivado_gameplay/block_design_1/design_1_wrapper/export/design_1_wrapper/hw/design_1_wrapper.xsa'.
17:54:45 INFO  : 'configparams force-mem-access 1' command is executed.
17:54:45 INFO  : Context for 'APU' is selected.
17:54:45 INFO  : Sourcing of '/home/stud2022/2milewski/JOS/lab4/vivado_gameplay/block_design_1/my_app/_ide/psinit/ps7_init.tcl' is done.
17:54:45 INFO  : 'ps7_init' command is executed.
17:54:45 INFO  : 'ps7_post_config' command is executed.
17:54:45 INFO  : Context for processor 'ps7_cortexa9_0' is selected.
17:54:45 INFO  : The application '/home/stud2022/2milewski/JOS/lab4/vivado_gameplay/block_design_1/my_app/Debug/my_app.elf' is downloaded to processor 'ps7_cortexa9_0'.
17:54:45 INFO  : 'configparams force-mem-access 0' command is executed.
17:54:45 INFO  : ----------------XSDB Script----------------
connect -url tcp:127.0.0.1:3121
targets -set -nocase -filter {name =~"APU*"}
rst -system
after 3000
targets -set -filter {jtag_cable_name =~ "Digilent Zed 210248AA3E0E" && level==0 && jtag_device_ctx=="jsn-Zed-210248AA3E0E-23727093-0"}
fpga -file /home/stud2022/2milewski/JOS/lab4/vivado_gameplay/block_design_1/my_app/_ide/bitstream/design_1_wrapper.bit
targets -set -nocase -filter {name =~"APU*"}
loadhw -hw /home/stud2022/2milewski/JOS/lab4/vivado_gameplay/block_design_1/design_1_wrapper/export/design_1_wrapper/hw/design_1_wrapper.xsa -mem-ranges [list {0x40000000 0xbfffffff}] -regs
configparams force-mem-access 1
targets -set -nocase -filter {name =~"APU*"}
source /home/stud2022/2milewski/JOS/lab4/vivado_gameplay/block_design_1/my_app/_ide/psinit/ps7_init.tcl
ps7_init
ps7_post_config
targets -set -nocase -filter {name =~ "*A9*#0"}
dow /home/stud2022/2milewski/JOS/lab4/vivado_gameplay/block_design_1/my_app/Debug/my_app.elf
configparams force-mem-access 0
----------------End of Script----------------

17:54:46 INFO  : Context for processor 'ps7_cortexa9_0' is selected.
17:54:46 INFO  : 'con' command is executed.
17:54:46 INFO  : ----------------XSDB Script (After Launch)----------------
targets -set -nocase -filter {name =~ "*A9*#0"}
con
----------------End of Script----------------

17:54:46 INFO  : Launch script is exported to file '/home/stud2022/2milewski/JOS/lab4/vivado_gameplay/block_design_1/my_app_system/_ide/scripts/systemdebugger_my_app_system_1_standalone.tcl'
18:11:41 INFO  : Checking for BSP changes to sync application flags for project 'my_app'...
18:12:31 INFO  : Checking for BSP changes to sync application flags for project 'my_app'...
18:13:23 INFO  : Checking for BSP changes to sync application flags for project 'my_app'...
18:13:41 INFO  : Disconnected from the channel tcfchan#4.
18:13:42 INFO  : Connected to target on host '127.0.0.1' and port '3121'.
18:13:42 INFO  : Jtag cable 'Digilent Zed 210248AA3E0E' is selected.
18:13:42 INFO  : 'jtag frequency' command is executed.
18:13:42 INFO  : Context for 'APU' is selected.
18:13:43 INFO  : System reset is completed.
18:13:46 INFO  : 'after 3000' command is executed.
18:13:46 INFO  : 'targets -set -filter {jtag_cable_name =~ "Digilent Zed 210248AA3E0E" && level==0 && jtag_device_ctx=="jsn-Zed-210248AA3E0E-23727093-0"}' command is executed.
18:13:48 INFO  : Device configured successfully with "/home/stud2022/2milewski/JOS/lab4/vivado_gameplay/block_design_1/my_app/_ide/bitstream/design_1_wrapper.bit"
18:13:48 INFO  : Context for 'APU' is selected.
18:13:48 INFO  : Hardware design and registers information is loaded from '/home/stud2022/2milewski/JOS/lab4/vivado_gameplay/block_design_1/design_1_wrapper/export/design_1_wrapper/hw/design_1_wrapper.xsa'.
18:13:48 INFO  : 'configparams force-mem-access 1' command is executed.
18:13:48 INFO  : Context for 'APU' is selected.
18:13:48 INFO  : Sourcing of '/home/stud2022/2milewski/JOS/lab4/vivado_gameplay/block_design_1/my_app/_ide/psinit/ps7_init.tcl' is done.
18:13:49 INFO  : 'ps7_init' command is executed.
18:13:49 INFO  : 'ps7_post_config' command is executed.
18:13:49 INFO  : Context for processor 'ps7_cortexa9_0' is selected.
18:13:49 INFO  : The application '/home/stud2022/2milewski/JOS/lab4/vivado_gameplay/block_design_1/my_app/Debug/my_app.elf' is downloaded to processor 'ps7_cortexa9_0'.
18:13:49 INFO  : 'configparams force-mem-access 0' command is executed.
18:13:49 INFO  : ----------------XSDB Script----------------
connect -url tcp:127.0.0.1:3121
targets -set -nocase -filter {name =~"APU*"}
rst -system
after 3000
targets -set -filter {jtag_cable_name =~ "Digilent Zed 210248AA3E0E" && level==0 && jtag_device_ctx=="jsn-Zed-210248AA3E0E-23727093-0"}
fpga -file /home/stud2022/2milewski/JOS/lab4/vivado_gameplay/block_design_1/my_app/_ide/bitstream/design_1_wrapper.bit
targets -set -nocase -filter {name =~"APU*"}
loadhw -hw /home/stud2022/2milewski/JOS/lab4/vivado_gameplay/block_design_1/design_1_wrapper/export/design_1_wrapper/hw/design_1_wrapper.xsa -mem-ranges [list {0x40000000 0xbfffffff}] -regs
configparams force-mem-access 1
targets -set -nocase -filter {name =~"APU*"}
source /home/stud2022/2milewski/JOS/lab4/vivado_gameplay/block_design_1/my_app/_ide/psinit/ps7_init.tcl
ps7_init
ps7_post_config
targets -set -nocase -filter {name =~ "*A9*#0"}
dow /home/stud2022/2milewski/JOS/lab4/vivado_gameplay/block_design_1/my_app/Debug/my_app.elf
configparams force-mem-access 0
----------------End of Script----------------

18:13:49 INFO  : Context for processor 'ps7_cortexa9_0' is selected.
18:13:49 INFO  : 'con' command is executed.
18:13:49 INFO  : ----------------XSDB Script (After Launch)----------------
targets -set -nocase -filter {name =~ "*A9*#0"}
con
----------------End of Script----------------

18:13:49 INFO  : Launch script is exported to file '/home/stud2022/2milewski/JOS/lab4/vivado_gameplay/block_design_1/my_app_system/_ide/scripts/systemdebugger_my_app_system_2_standalone.tcl'
18:14:20 INFO  : Checking for BSP changes to sync application flags for project 'my_app'...
18:14:37 WARN  : channel "tcfchan#4" closed
18:14:38 INFO  : Connected to target on host '127.0.0.1' and port '3121'.
18:14:39 INFO  : Jtag cable 'Digilent Zed 210248AA3E0E' is selected.
18:14:39 INFO  : 'jtag frequency' command is executed.
18:14:39 INFO  : Context for 'APU' is selected.
18:14:39 INFO  : System reset is completed.
18:14:42 INFO  : 'after 3000' command is executed.
18:14:42 INFO  : 'targets -set -filter {jtag_cable_name =~ "Digilent Zed 210248AA3E0E" && level==0 && jtag_device_ctx=="jsn-Zed-210248AA3E0E-23727093-0"}' command is executed.
18:14:44 INFO  : Device configured successfully with "/home/stud2022/2milewski/JOS/lab4/vivado_gameplay/block_design_1/my_app/_ide/bitstream/design_1_wrapper.bit"
18:14:45 INFO  : Context for 'APU' is selected.
18:14:45 INFO  : Hardware design and registers information is loaded from '/home/stud2022/2milewski/JOS/lab4/vivado_gameplay/block_design_1/design_1_wrapper/export/design_1_wrapper/hw/design_1_wrapper.xsa'.
18:14:45 INFO  : 'configparams force-mem-access 1' command is executed.
18:14:45 INFO  : Context for 'APU' is selected.
18:14:45 INFO  : Sourcing of '/home/stud2022/2milewski/JOS/lab4/vivado_gameplay/block_design_1/my_app/_ide/psinit/ps7_init.tcl' is done.
18:14:45 INFO  : 'ps7_init' command is executed.
18:14:45 INFO  : 'ps7_post_config' command is executed.
18:14:45 INFO  : Context for processor 'ps7_cortexa9_0' is selected.
18:14:45 INFO  : The application '/home/stud2022/2milewski/JOS/lab4/vivado_gameplay/block_design_1/my_app/Debug/my_app.elf' is downloaded to processor 'ps7_cortexa9_0'.
18:14:45 INFO  : 'configparams force-mem-access 0' command is executed.
18:14:45 INFO  : ----------------XSDB Script----------------
connect -url tcp:127.0.0.1:3121
targets -set -nocase -filter {name =~"APU*"}
rst -system
after 3000
targets -set -filter {jtag_cable_name =~ "Digilent Zed 210248AA3E0E" && level==0 && jtag_device_ctx=="jsn-Zed-210248AA3E0E-23727093-0"}
fpga -file /home/stud2022/2milewski/JOS/lab4/vivado_gameplay/block_design_1/my_app/_ide/bitstream/design_1_wrapper.bit
targets -set -nocase -filter {name =~"APU*"}
loadhw -hw /home/stud2022/2milewski/JOS/lab4/vivado_gameplay/block_design_1/design_1_wrapper/export/design_1_wrapper/hw/design_1_wrapper.xsa -mem-ranges [list {0x40000000 0xbfffffff}] -regs
configparams force-mem-access 1
targets -set -nocase -filter {name =~"APU*"}
source /home/stud2022/2milewski/JOS/lab4/vivado_gameplay/block_design_1/my_app/_ide/psinit/ps7_init.tcl
ps7_init
ps7_post_config
targets -set -nocase -filter {name =~ "*A9*#0"}
dow /home/stud2022/2milewski/JOS/lab4/vivado_gameplay/block_design_1/my_app/Debug/my_app.elf
configparams force-mem-access 0
----------------End of Script----------------

18:14:45 INFO  : Context for processor 'ps7_cortexa9_0' is selected.
18:14:45 INFO  : 'con' command is executed.
18:14:45 INFO  : ----------------XSDB Script (After Launch)----------------
targets -set -nocase -filter {name =~ "*A9*#0"}
con
----------------End of Script----------------

18:14:45 INFO  : Launch script is exported to file '/home/stud2022/2milewski/JOS/lab4/vivado_gameplay/block_design_1/my_app_system/_ide/scripts/systemdebugger_my_app_system_3_standalone.tcl'
18:22:39 INFO  : Checking for BSP changes to sync application flags for project 'my_app'...
18:22:56 INFO  : Checking for BSP changes to sync application flags for project 'my_app'...
18:23:26 INFO  : Disconnected from the channel tcfchan#6.
18:23:27 INFO  : Connected to target on host '127.0.0.1' and port '3121'.
18:23:28 INFO  : Jtag cable 'Digilent Zed 210248AA3E0E' is selected.
18:23:28 INFO  : 'jtag frequency' command is executed.
18:23:28 INFO  : Context for 'APU' is selected.
18:23:28 INFO  : System reset is completed.
18:23:31 INFO  : 'after 3000' command is executed.
18:23:31 INFO  : 'targets -set -filter {jtag_cable_name =~ "Digilent Zed 210248AA3E0E" && level==0 && jtag_device_ctx=="jsn-Zed-210248AA3E0E-23727093-0"}' command is executed.
18:23:33 INFO  : Device configured successfully with "/home/stud2022/2milewski/JOS/lab4/vivado_gameplay/block_design_1/my_app/_ide/bitstream/design_1_wrapper.bit"
18:23:33 INFO  : Context for 'APU' is selected.
18:23:33 INFO  : Hardware design and registers information is loaded from '/home/stud2022/2milewski/JOS/lab4/vivado_gameplay/block_design_1/design_1_wrapper/export/design_1_wrapper/hw/design_1_wrapper.xsa'.
18:23:33 INFO  : 'configparams force-mem-access 1' command is executed.
18:23:33 INFO  : Context for 'APU' is selected.
18:23:33 INFO  : Sourcing of '/home/stud2022/2milewski/JOS/lab4/vivado_gameplay/block_design_1/my_app/_ide/psinit/ps7_init.tcl' is done.
18:23:34 INFO  : 'ps7_init' command is executed.
18:23:34 INFO  : 'ps7_post_config' command is executed.
18:23:34 INFO  : Context for processor 'ps7_cortexa9_0' is selected.
18:23:34 INFO  : The application '/home/stud2022/2milewski/JOS/lab4/vivado_gameplay/block_design_1/my_app/Debug/my_app.elf' is downloaded to processor 'ps7_cortexa9_0'.
18:23:34 INFO  : 'configparams force-mem-access 0' command is executed.
18:23:34 INFO  : ----------------XSDB Script----------------
connect -url tcp:127.0.0.1:3121
targets -set -nocase -filter {name =~"APU*"}
rst -system
after 3000
targets -set -filter {jtag_cable_name =~ "Digilent Zed 210248AA3E0E" && level==0 && jtag_device_ctx=="jsn-Zed-210248AA3E0E-23727093-0"}
fpga -file /home/stud2022/2milewski/JOS/lab4/vivado_gameplay/block_design_1/my_app/_ide/bitstream/design_1_wrapper.bit
targets -set -nocase -filter {name =~"APU*"}
loadhw -hw /home/stud2022/2milewski/JOS/lab4/vivado_gameplay/block_design_1/design_1_wrapper/export/design_1_wrapper/hw/design_1_wrapper.xsa -mem-ranges [list {0x40000000 0xbfffffff}] -regs
configparams force-mem-access 1
targets -set -nocase -filter {name =~"APU*"}
source /home/stud2022/2milewski/JOS/lab4/vivado_gameplay/block_design_1/my_app/_ide/psinit/ps7_init.tcl
ps7_init
ps7_post_config
targets -set -nocase -filter {name =~ "*A9*#0"}
dow /home/stud2022/2milewski/JOS/lab4/vivado_gameplay/block_design_1/my_app/Debug/my_app.elf
configparams force-mem-access 0
----------------End of Script----------------

18:23:34 INFO  : Context for processor 'ps7_cortexa9_0' is selected.
18:23:34 INFO  : 'con' command is executed.
18:23:34 INFO  : ----------------XSDB Script (After Launch)----------------
targets -set -nocase -filter {name =~ "*A9*#0"}
con
----------------End of Script----------------

18:23:34 INFO  : Launch script is exported to file '/home/stud2022/2milewski/JOS/lab4/vivado_gameplay/block_design_1/my_app_system/_ide/scripts/systemdebugger_my_app_system_4_standalone.tcl'
18:41:15 INFO  : Checking for BSP changes to sync application flags for project 'my_app'...
18:42:31 INFO  : Checking for BSP changes to sync application flags for project 'my_app'...
18:43:35 INFO  : Checking for BSP changes to sync application flags for project 'my_app'...
18:44:05 INFO  : Checking for BSP changes to sync application flags for project 'my_app'...
18:44:24 WARN  : channel "tcfchan#6" closed
18:44:25 INFO  : Connected to target on host '127.0.0.1' and port '3121'.
18:44:25 INFO  : Jtag cable 'Digilent Zed 210248AA3E0E' is selected.
18:44:25 INFO  : 'jtag frequency' command is executed.
18:44:25 INFO  : Context for 'APU' is selected.
18:44:25 INFO  : System reset is completed.
18:44:28 INFO  : 'after 3000' command is executed.
18:44:29 INFO  : 'targets -set -filter {jtag_cable_name =~ "Digilent Zed 210248AA3E0E" && level==0 && jtag_device_ctx=="jsn-Zed-210248AA3E0E-23727093-0"}' command is executed.
18:44:31 INFO  : Device configured successfully with "/home/stud2022/2milewski/JOS/lab4/vivado_gameplay/block_design_1/my_app/_ide/bitstream/design_1_wrapper.bit"
18:44:31 INFO  : Context for 'APU' is selected.
18:44:31 INFO  : Hardware design and registers information is loaded from '/home/stud2022/2milewski/JOS/lab4/vivado_gameplay/block_design_1/design_1_wrapper/export/design_1_wrapper/hw/design_1_wrapper.xsa'.
18:44:31 INFO  : 'configparams force-mem-access 1' command is executed.
18:44:31 INFO  : Context for 'APU' is selected.
18:44:31 INFO  : Sourcing of '/home/stud2022/2milewski/JOS/lab4/vivado_gameplay/block_design_1/my_app/_ide/psinit/ps7_init.tcl' is done.
18:44:31 INFO  : 'ps7_init' command is executed.
18:44:31 INFO  : 'ps7_post_config' command is executed.
18:44:31 INFO  : Context for processor 'ps7_cortexa9_0' is selected.
18:44:32 INFO  : The application '/home/stud2022/2milewski/JOS/lab4/vivado_gameplay/block_design_1/my_app/Debug/my_app.elf' is downloaded to processor 'ps7_cortexa9_0'.
18:44:32 INFO  : 'configparams force-mem-access 0' command is executed.
18:44:32 INFO  : ----------------XSDB Script----------------
connect -url tcp:127.0.0.1:3121
targets -set -nocase -filter {name =~"APU*"}
rst -system
after 3000
targets -set -filter {jtag_cable_name =~ "Digilent Zed 210248AA3E0E" && level==0 && jtag_device_ctx=="jsn-Zed-210248AA3E0E-23727093-0"}
fpga -file /home/stud2022/2milewski/JOS/lab4/vivado_gameplay/block_design_1/my_app/_ide/bitstream/design_1_wrapper.bit
targets -set -nocase -filter {name =~"APU*"}
loadhw -hw /home/stud2022/2milewski/JOS/lab4/vivado_gameplay/block_design_1/design_1_wrapper/export/design_1_wrapper/hw/design_1_wrapper.xsa -mem-ranges [list {0x40000000 0xbfffffff}] -regs
configparams force-mem-access 1
targets -set -nocase -filter {name =~"APU*"}
source /home/stud2022/2milewski/JOS/lab4/vivado_gameplay/block_design_1/my_app/_ide/psinit/ps7_init.tcl
ps7_init
ps7_post_config
targets -set -nocase -filter {name =~ "*A9*#0"}
dow /home/stud2022/2milewski/JOS/lab4/vivado_gameplay/block_design_1/my_app/Debug/my_app.elf
configparams force-mem-access 0
----------------End of Script----------------

18:44:32 INFO  : Context for processor 'ps7_cortexa9_0' is selected.
18:44:32 INFO  : 'con' command is executed.
18:44:32 INFO  : ----------------XSDB Script (After Launch)----------------
targets -set -nocase -filter {name =~ "*A9*#0"}
con
----------------End of Script----------------

18:44:32 INFO  : Launch script is exported to file '/home/stud2022/2milewski/JOS/lab4/vivado_gameplay/block_design_1/my_app_system/_ide/scripts/systemdebugger_my_app_system_5_standalone.tcl'
